<?xml version="1.0" encoding="UTF-8"?>
<!-- Generated by org.testng.reporters.JUnitXMLReporter -->
<testsuite ignored="0" hostname="LAPTOP-UJMV62ID" failures="0" tests="3" name="Default test" time="22.689" errors="0" timestamp="10 Jul 2018 13:13:38 GMT">
  <testcase classname="com.testNG.Assertverification" name="GoogleIma" time="0.061"/>
  <testcase classname="com.testNG.Assertverification" name="GoogleTitle" time="0.008"/>
  <testcase classname="com.testNG.Assertverification" name="Googlemail" time="0.054"/>
</testsuite> <!-- Default test -->
